<?xml version="1.0" encoding="UTF-8"?>
<!-- Generated by org.testng.reporters.JUnitXMLReporter -->
<testsuite ignored="0" hostname="DESKTOP-93SRL2K" failures="0" tests="5" name="Default test" time="0.146" errors="0" timestamp="2025-04-07T15:40:38 IST">
  <testcase classname="com.SeleniumPractice.AppTest" name="loginMethod1" time="0.044"/>
  <testcase classname="com.SeleniumPractice.AppTest" name="loginMethod2" time="0.001"/>
  <testcase classname="com.SeleniumPractice.AppTest" name="loginMethod3" time="0.003"/>
  <testcase classname="com.SeleniumPractice.AppTest" name="loginMethod4" time="0.002"/>
  <testcase classname="com.SeleniumPractice.AppTest" name="loginMethod5" time="0.004"/>
</testsuite> <!-- Default test -->
